<?xml version="1.0" encoding="UTF-8"?>
<!-- Generated by org.testng.reporters.JUnitReportReporter -->
<testsuite hostname="DESKTOP-NJ2RPHU" failures="0" tests="3" name="testNGPractice.CreateContactdataprovider" time="0.023" errors="0" timestamp="2024-06-04T14:58:38 IST" skipped="0">
  <testcase classname="testNGPractice.CreateContactdataprovider" name="createContact" time="0.008"/>
  <testcase classname="testNGPractice.CreateContactdataprovider" name="createContact" time="0.005"/>
  <testcase classname="testNGPractice.CreateContactdataprovider" name="createContact" time="0.010"/>
</testsuite> <!-- testNGPractice.CreateContactdataprovider -->
