<?xml version="1.0" encoding="UTF-8"?>
<!-- Generated by org.testng.reporters.JUnitReportReporter -->
<testsuite hostname="DESKTOP-NJ2RPHU" failures="0" tests="1" name="testng.demo" time="0.015" errors="0" timestamp="2024-06-07T10:23:22 IST" skipped="0">
  <testcase classname="testng.demo" name="m1Test" time="0.015"/>
</testsuite> <!-- testng.demo -->
