<?xml version="1.0" encoding="UTF-8"?>
<!-- Generated by org.testng.reporters.JUnitReportReporter -->
<testsuite hostname="DESKTOP-NJ2RPHU" failures="0" tests="1" name="testNGPractice.TestNgsample" time="0.016" errors="0" timestamp="2024-06-07T10:28:46 IST" skipped="0">
  <testcase classname="testNGPractice.TestNgsample" name="test1" time="0.016"/>
</testsuite> <!-- testNGPractice.TestNgsample -->
