<?xml version="1.0" encoding="UTF-8"?>
<!-- Generated by org.testng.reporters.JUnitReportReporter -->
<testsuite hostname="DESKTOP-NJ2RPHU" failures="0" tests="1" name="screenshot.Samplescreen" time="17.685" errors="0" timestamp="2024-06-07T11:40:22 IST" skipped="0">
  <testcase classname="screenshot.Samplescreen" name="screenTest" time="17.685"/>
</testsuite> <!-- screenshot.Samplescreen -->
