<?xml version="1.0" encoding="UTF-8"?>
<!-- Generated by org.testng.reporters.JUnitReportReporter -->
<testsuite hostname="DESKTOP-NJ2RPHU" failures="0" tests="1" name="testNGPractice.AnnotationsConfig" time="0.009" errors="0" timestamp="2024-06-05T13:03:32 IST" skipped="0">
  <testcase classname="testNGPractice.AnnotationsConfig" name="contat" time="0.009"/>
</testsuite> <!-- testNGPractice.AnnotationsConfig -->
