<?xml version="1.0" encoding="UTF-8"?>
<!-- Generated by org.testng.reporters.JUnitReportReporter -->
<testsuite hostname="DESKTOP-NJ2RPHU" failures="0" tests="1" name="practicetest.SampleRetry" time="0.021" errors="0" timestamp="2024-06-07T15:52:53 IST" skipped="0">
  <testcase classname="practicetest.SampleRetry" name="activateSim" time="0.021"/>
</testsuite> <!-- practicetest.SampleRetry -->
