<?xml version="1.0" encoding="UTF-8"?>
<!-- Generated by org.testng.reporters.JUnitReportReporter -->
<testsuite hostname="DESKTOP-NJ2RPHU" failures="0" tests="1" name="testng.ReadDatafromtestng" time="0.012" errors="0" timestamp="28 May 2024 05:43:30 GMT" skipped="0">
  <testcase classname="testng.ReadDatafromtestng" name="sampleTest" time="0.012"/>
</testsuite> <!-- testng.ReadDatafromtestng -->
