<?xml version="1.0" encoding="UTF-8"?>
<!-- Generated by org.testng.reporters.JUnitReportReporter -->
<testsuite hostname="DESKTOP-NJ2RPHU" failures="0" tests="3" name="testNGPractice.ContactTest" time="0.022" errors="0" timestamp="2024-06-04T13:06:54 IST" skipped="0">
  <testcase classname="testNGPractice.ContactTest" name="modifyContact" time="0.013"/>
  <testcase classname="testNGPractice.ContactTest" name="createContactTest" time="0.005"/>
  <testcase classname="testNGPractice.ContactTest" name="deletecontact" time="0.004"/>
</testsuite> <!-- testNGPractice.ContactTest -->
