<?xml version="1.0" encoding="UTF-8"?>
<!-- Generated by org.testng.reporters.JUnitReportReporter -->
<testsuite hostname="DESKTOP-NJ2RPHU" failures="0" tests="1" name="testng.ReadDatafromtestngTest" time="0.014" errors="0" timestamp="2024-06-07T11:18:25 IST" skipped="0">
  <testcase classname="testng.ReadDatafromtestngTest" name="sampleTest" time="0.014"/>
</testsuite> <!-- testng.ReadDatafromtestngTest -->
