<?xml version="1.0" encoding="UTF-8"?>
<!-- Generated by org.testng.reporters.JUnitReportReporter -->
<testsuite hostname="DESKTOP-NJ2RPHU" failures="0" tests="1" name="objectRepo.WithPOMOR" time="12.230" errors="0" timestamp="2024-06-02T12:27:56 IST" skipped="0">
  <testcase classname="objectRepo.WithPOMOR" name="sampleTest" time="12.230"/>
</testsuite> <!-- objectRepo.WithPOMOR -->
