<?xml version="1.0" encoding="UTF-8"?>
<!-- Generated by org.testng.reporters.JUnitReportReporter -->
<testsuite hostname="DESKTOP-NJ2RPHU" failures="0" tests="3" name="testNGPractice.CreateContatwithPhm" time="0.015" errors="0" timestamp="2024-06-04T15:07:36 IST" skipped="0">
  <testcase classname="testNGPractice.CreateContatwithPhm" name="createContact" time="0.004"/>
  <testcase classname="testNGPractice.CreateContatwithPhm" name="createContact" time="0.003"/>
  <testcase classname="testNGPractice.CreateContatwithPhm" name="createContact" time="0.008"/>
</testsuite> <!-- testNGPractice.CreateContatwithPhm -->
